[debug] [2017-10-29T17:31:36.306Z] ----------------------------------------------------------------------
[debug] [2017-10-29T17:31:36.308Z] Command:       /usr/local/bin/node /usr/local/bin/firebase serve
[debug] [2017-10-29T17:31:36.308Z] CLI Version:   3.13.1
[debug] [2017-10-29T17:31:36.308Z] Platform:      darwin
[debug] [2017-10-29T17:31:36.308Z] Node Version:  v8.8.1
[debug] [2017-10-29T17:31:36.309Z] Time:          Sun Oct 29 2017 13:31:36 GMT-0400 (EDT)
[debug] [2017-10-29T17:31:36.309Z] ----------------------------------------------------------------------
[debug] 
[debug] [2017-10-29T17:31:36.322Z] > command requires scopes: ["email","openid","https://www.googleapis.com/auth/cloudplatformprojects.readonly","https://www.googleapis.com/auth/firebase","https://www.googleapis.com/auth/cloud-platform"]
[debug] [2017-10-29T17:31:36.323Z] > authorizing via signed-in user
[debug] [2017-10-29T17:31:36.324Z] > refreshing access token with scopes: ["email","https://www.googleapis.com/auth/cloud-platform","https://www.googleapis.com/auth/cloudplatformprojects.readonly","https://www.googleapis.com/auth/firebase","openid"]
[debug] [2017-10-29T17:31:36.324Z] >>> HTTP REQUEST POST https://www.googleapis.com/oauth2/v3/token { refresh_token: '1/wjX2ZFCuF_mrmAJyadtyfRPkadPWPfNeR0sTsmBw7_21tZlnb0o6Zxte8I_Bu7XO',
  client_id: '563584335869-fgrhgmd47bqnekij5i8b5pr03ho849e6.apps.googleusercontent.com',
  client_secret: 'j9iVZfS8kkCEFUPaAeJV0sAi',
  grant_type: 'refresh_token',
  scope: 'email https://www.googleapis.com/auth/cloud-platform https://www.googleapis.com/auth/cloudplatformprojects.readonly https://www.googleapis.com/auth/firebase openid' } 
 Sun Oct 29 2017 13:31:36 GMT-0400 (EDT)
[debug] [2017-10-29T17:31:36.414Z] <<< HTTP RESPONSE 200
[debug] [2017-10-29T17:31:36.429Z] >>> HTTP REQUEST GET https://admin.firebase.com/v1/projects/smart-menu-94ff4  
 Sun Oct 29 2017 13:31:36 GMT-0400 (EDT)
[debug] [2017-10-29T17:31:36.665Z] <<< HTTP RESPONSE 200
[debug] [2017-10-29T17:31:36.666Z] >>> HTTP REQUEST GET https://admin.firebase.com/v1/database/smart-menu-94ff4/tokens  
 Sun Oct 29 2017 13:31:36 GMT-0400 (EDT)
[debug] [2017-10-29T17:31:37.054Z] <<< HTTP RESPONSE 200
[info] 
[info] === Serving from '/Users/riaverma/Desktop/App&Svc- SmartMenu/friendlychat-web/web-start'...
[info] 
[debug] [2017-10-29T17:31:37.058Z] >>> HTTP REQUEST GET https://cloudresourcemanager.googleapis.com/v1/projects/smart-menu-94ff4  
 Sun Oct 29 2017 13:31:37 GMT-0400 (EDT)
[debug] [2017-10-29T17:31:37.197Z] <<< HTTP RESPONSE 200
[debug] [2017-10-29T17:31:37.197Z] >>> HTTP REQUEST GET https://mobilesdk-pa.googleapis.com/v1/projects/357649457207/clients/_:getWebAppConfig  
 Sun Oct 29 2017 13:31:37 GMT-0400 (EDT)
[debug] [2017-10-29T17:31:37.528Z] <<< HTTP RESPONSE 200
[info] i  hosting: Serving hosting files from: ./
[info] ✔  hosting: Local server: http://localhost:5000

